<?xml version="1.0" encoding="UTF-8"?>
<!-- Generated by org.testng.reporters.JUnitReportReporter -->
<testsuite hostname="LAPTOP-EJF4IAO9" failures="0" tests="1" name="myDemos.MyTest" time="7.872" errors="0" timestamp="2023-02-21T21:34:27 IST" skipped="0">
  <testcase classname="myDemos.MyTest" name="ebaytest" time="7.872"/>
  <system-out>
    <![CDATA[Ebay product search test in a category is successful...]]>
  </system-out>
</testsuite> <!-- myDemos.MyTest -->
