<?xml version="1.0" encoding="UTF-8"?>
<!-- Generated by org.testng.reporters.JUnitReportReporter -->
<testsuite hostname="LAPTOP-EJF4IAO9" failures="0" tests="1" name="pomtest.pomebayprodcatsearchtest" time="8.523" errors="0" timestamp="2023-02-26T10:29:20 IST" skipped="0">
  <testcase classname="pomtest.pomebayprodcatsearchtest" name="catSearch" time="8.523"/>
  <system-out>
    <![CDATA[Ebay product search in a category test is successful...]]>
  </system-out>
</testsuite> <!-- pomtest.pomebayprodcatsearchtest -->
