<?xml version="1.0" encoding="UTF-8"?>
<!-- Generated by org.testng.reporters.JUnitReportReporter -->
<testsuite hostname="LAPTOP-EJF4IAO9" failures="0" tests="1" name="pomtest.pomebayprodsarchtest" time="9.775" errors="0" timestamp="2023-02-25T10:18:40 IST" skipped="0">
  <testcase classname="pomtest.pomebayprodsarchtest" name="prodSearch" time="9.775"/>
  <system-out>
    <![CDATA[Ebay product search test is successful...]]>
  </system-out>
</testsuite> <!-- pomtest.pomebayprodsarchtest -->
