<?xml version="1.0" encoding="UTF-8"?>
<!-- Generated by org.testng.reporters.JUnitReportReporter -->
<testsuite hostname="LAPTOP-EJF4IAO9" failures="0" tests="2" name="Hybridedemos.Hybridebayprodcatsearchtest" time="38.071" errors="0" timestamp="2023-02-26T12:25:18 IST" skipped="0">
  <testcase classname="Hybridedemos.Hybridebayprodcatsearchtest" name="prodSearch" time="30.521"/>
  <system-out>
    <![CDATA['english' product search test is Successful...]]>
  </system-out>
  <testcase classname="Hybridedemos.Hybridebayprodcatsearchtest" name="prodSearch" time="7.550"/>
  <system-out>
    <![CDATA['selenium' product search test is Successful...]]>
  </system-out>
</testsuite> <!-- Hybridedemos.Hybridebayprodcatsearchtest -->
